<?xml version="1.0" encoding="UTF-8"?>
<!-- Generated by org.testng.reporters.JUnitReportReporter -->
<testsuite hostname="ERROR" failures="0" tests="3" name="Magento.openProductTest" time="53.038" errors="0" timestamp="2024-03-11T15:45:50 EET" skipped="0">
  <testcase classname="Magento.openProductTest" name="openProduct" time="5.286"/>
  <system-out/>
  <testcase classname="Magento.openProductTest" name="openProduct" time="25.428"/>
  <system-out/>
  <testcase classname="Magento.openProductTest" name="openProduct" time="22.324"/>
  <system-out/>
</testsuite> <!-- Magento.openProductTest -->
