<?xml version="1.0" encoding="UTF-8"?>
<!-- Generated by org.testng.reporters.JUnitReportReporter -->
<testsuite hostname="ERROR" failures="0" tests="1" name="Magento.OpenProductAndAddToCart" time="1.239" errors="0" timestamp="2024-03-11T20:06:00 EET" skipped="0">
  <testcase classname="Magento.OpenProductAndAddToCart" name="openProductAndAddToCart" time="1.239"/>
  <system-out/>
</testsuite> <!-- Magento.OpenProductAndAddToCart -->
