<?xml version="1.0" encoding="UTF-8"?>
<!-- Generated by org.testng.reporters.JUnitReportReporter -->
<testsuite hostname="ERROR" failures="0" tests="2" name="Magento.CheckoutProccessTest" time="25.491" errors="0" timestamp="2024-03-13T03:11:55 EET" skipped="0">
  <testcase classname="Magento.CheckoutProccessTest" name="openProductAndAddToCart" time="1.626"/>
  <system-out/>
  <testcase classname="Magento.CheckoutProccessTest" name="checkoutProccess" time="23.865"/>
  <system-out/>
</testsuite> <!-- Magento.CheckoutProccessTest -->
