<?xml version="1.0" encoding="UTF-8"?>
<!-- Generated by org.testng.reporters.JUnitReportReporter -->
<testsuite hostname="ERROR" failures="0" tests="3" name="Magento.openProductTest" time="22.542" errors="0" timestamp="2024-03-11T03:03:26 EET" skipped="0">
  <testcase classname="Magento.openProductTest" name="openProduct" time="5.406"/>
  <system-out/>
  <testcase classname="Magento.openProductTest" name="openProduct" time="7.009"/>
  <system-out/>
  <testcase classname="Magento.openProductTest" name="openProduct" time="10.127"/>
  <system-out/>
</testsuite> <!-- Magento.openProductTest -->
