<?xml version="1.0" encoding="UTF-8"?>
<!-- Generated by org.testng.reporters.JUnitReportReporter -->
<testsuite hostname="ERROR" failures="0" tests="3" name="Magento.CheckoutProccessTest" time="41.580" errors="0" timestamp="2024-03-14T03:57:24 EET" skipped="0">
  <testcase classname="Magento.CheckoutProccessTest" name="openProductAndAddToCart" time="3.676"/>
  <system-out/>
  <testcase classname="Magento.CheckoutProccessTest" name="checkoutProccess" time="7.265"/>
  <system-out/>
  <testcase classname="Magento.CheckoutProccessTest" name="signUpProcess" time="30.639"/>
  <system-out/>
</testsuite> <!-- Magento.CheckoutProccessTest -->
