<?xml version="1.0" encoding="UTF-8"?>
<!-- Generated by org.testng.reporters.JUnitReportReporter -->
<testsuite hostname="ERROR" failures="0" tests="3" name="Magento.openProductTest" time="25.402" errors="0" timestamp="2024-03-11T16:18:28 EET" skipped="0">
  <testcase classname="Magento.openProductTest" name="openProduct" time="9.315"/>
  <system-out/>
  <testcase classname="Magento.openProductTest" name="openProduct" time="5.051"/>
  <system-out/>
  <testcase classname="Magento.openProductTest" name="openProduct" time="11.036"/>
  <system-out/>
</testsuite> <!-- Magento.openProductTest -->
